0 info it worked if it ends with ok
1 verbose cli [ 'node', '/usr/local/bin/npm', 'install', '-g', 'forever' ]
2 info using npm@1.4.14
3 info using node@v0.10.29
4 verbose cache add [ 'forever', null ]
5 verbose cache add name=undefined spec="forever" args=["forever",null]
6 verbose parsed url { protocol: null,
6 verbose parsed url   slashes: null,
6 verbose parsed url   auth: null,
6 verbose parsed url   host: null,
6 verbose parsed url   port: null,
6 verbose parsed url   hostname: null,
6 verbose parsed url   hash: null,
6 verbose parsed url   search: null,
6 verbose parsed url   query: null,
6 verbose parsed url   pathname: 'forever',
6 verbose parsed url   path: 'forever',
6 verbose parsed url   href: 'forever' }
7 silly lockFile e07f8c4a-forever forever
8 verbose lock forever /Users/gregtakayama/.npm/e07f8c4a-forever.lock
9 silly lockFile e07f8c4a-forever forever
10 silly lockFile e07f8c4a-forever forever
11 verbose addNamed [ 'forever', '' ]
12 verbose addNamed [ null, '*' ]
13 silly lockFile 28ef027b-forever forever@
14 verbose lock forever@ /Users/gregtakayama/.npm/28ef027b-forever.lock
15 silly addNameRange { name: 'forever', range: '*', hasData: false }
16 verbose registry.get forever not expired, no request
17 silly addNameRange number 2 { name: 'forever', range: '*', hasData: true }
18 silly addNameRange versions [ 'forever',
18 silly addNameRange   [ '0.6.0',
18 silly addNameRange     '0.6.1',
18 silly addNameRange     '0.6.2',
18 silly addNameRange     '0.6.3',
18 silly addNameRange     '0.6.4',
18 silly addNameRange     '0.6.5',
18 silly addNameRange     '0.6.6',
18 silly addNameRange     '0.6.7',
18 silly addNameRange     '0.6.8',
18 silly addNameRange     '0.6.9',
18 silly addNameRange     '0.7.0',
18 silly addNameRange     '0.7.1',
18 silly addNameRange     '0.7.2',
18 silly addNameRange     '0.7.3',
18 silly addNameRange     '0.7.4',
18 silly addNameRange     '0.7.5',
18 silly addNameRange     '0.8.0',
18 silly addNameRange     '0.8.1',
18 silly addNameRange     '0.8.2',
18 silly addNameRange     '0.8.3',
18 silly addNameRange     '0.8.4',
18 silly addNameRange     '0.8.5',
18 silly addNameRange     '0.9.0',
18 silly addNameRange     '0.9.1',
18 silly addNameRange     '0.9.2',
18 silly addNameRange     '0.10.0',
18 silly addNameRange     '0.10.5',
18 silly addNameRange     '0.10.6',
18 silly addNameRange     '0.10.7',
18 silly addNameRange     '0.10.8',
18 silly addNameRange     '0.10.9',
18 silly addNameRange     '0.10.10',
18 silly addNameRange     '0.10.11',
18 silly addNameRange     '0.11.0',
18 silly addNameRange     '0.11.1' ] ]
19 verbose addNamed [ 'forever', '0.11.1' ]
20 verbose addNamed [ '0.11.1', '0.11.1' ]
21 silly lockFile 4466a206-forever-0-11-1 forever@0.11.1
22 verbose lock forever@0.11.1 /Users/gregtakayama/.npm/4466a206-forever-0-11-1.lock
23 silly lockFile 4466a206-forever-0-11-1 forever@0.11.1
24 silly lockFile 4466a206-forever-0-11-1 forever@0.11.1
25 silly lockFile 28ef027b-forever forever@
26 silly lockFile 28ef027b-forever forever@
27 silly resolved [ { name: 'forever',
27 silly resolved     preferGlobal: 'true',
27 silly resolved     description: 'A simple CLI tool for ensuring that a given node script runs continuously (i.e. forever)',
27 silly resolved     version: '0.11.1',
27 silly resolved     author: { name: 'Nodejitsu Inc.', email: 'info@nodejitsu.com' },
27 silly resolved     maintainers: [ [Object], [Object], [Object], [Object], [Object], [Object] ],
27 silly resolved     repository: { type: 'git', url: 'http://github.com/nodejitsu/forever.git' },
27 silly resolved     keywords: [ 'cli', 'fault tolerant', 'sysadmin', 'tools' ],
27 silly resolved     dependencies:
27 silly resolved      { colors: '~0.6.2',
27 silly resolved        cliff: '0.1.8',
27 silly resolved        flatiron: '~0.3.11',
27 silly resolved        'forever-monitor': '1.2.3',
27 silly resolved        nconf: '~0.6.9',
27 silly resolved        nssocket: '~0.5.1',
27 silly resolved        optimist: '~0.6.0',
27 silly resolved        pkginfo: '0.3.0',
27 silly resolved        timespan: '~2.3.0',
27 silly resolved        watch: '~0.8.0',
27 silly resolved        utile: '~0.2.1',
27 silly resolved        winston: '~0.7.2' },
27 silly resolved     devDependencies:
27 silly resolved      { broadway: '0.2.x',
27 silly resolved        eventemitter2: '0.4.x',
27 silly resolved        request: '2.x.x',
27 silly resolved        vows: '0.7.x' },
27 silly resolved     bin: { forever: './bin/forever', foreverd: './bin/foreverd' },
27 silly resolved     main: './lib/forever',
27 silly resolved     scripts: { test: 'vows test/**/*-test.js --spec -i' },
27 silly resolved     engines: { node: '>= 0.8.x' },
27 silly resolved     bugs: { url: 'https://github.com/nodejitsu/forever/issues' },
27 silly resolved     homepage: 'https://github.com/nodejitsu/forever',
27 silly resolved     _id: 'forever@0.11.1',
27 silly resolved     dist:
27 silly resolved      { shasum: '50ac8744c0a6e0c266524c4746397f74d6b09c5b',
27 silly resolved        tarball: 'http://registry.npmjs.org/forever/-/forever-0.11.1.tgz' },
27 silly resolved     _from: 'forever@',
27 silly resolved     _npmVersion: '1.4.3',
27 silly resolved     _npmUser: { name: 'julianduque', email: 'julianduquej@gmail.com' },
27 silly resolved     directories: {},
27 silly resolved     _shasum: '50ac8744c0a6e0c266524c4746397f74d6b09c5b',
27 silly resolved     _resolved: 'https://registry.npmjs.org/forever/-/forever-0.11.1.tgz',
27 silly resolved     readme: 'ERROR: No README data found!' } ]
28 info install forever@0.11.1 into /usr/local/lib
29 info installOne forever@0.11.1
30 info /usr/local/lib/node_modules/forever unbuild
31 verbose tar unpack /Users/gregtakayama/.npm/forever/0.11.1/package.tgz
32 silly lockFile 5fd21e72-r-local-lib-node-modules-forever tar:///usr/local/lib/node_modules/forever
33 verbose lock tar:///usr/local/lib/node_modules/forever /Users/gregtakayama/.npm/5fd21e72-r-local-lib-node-modules-forever.lock
34 silly lockFile 3d9de9bb-a-npm-forever-0-11-1-package-tgz tar:///Users/gregtakayama/.npm/forever/0.11.1/package.tgz
35 verbose lock tar:///Users/gregtakayama/.npm/forever/0.11.1/package.tgz /Users/gregtakayama/.npm/3d9de9bb-a-npm-forever-0-11-1-package-tgz.lock
36 silly gunzTarPerm modes [ '755', '644' ]
37 error Error: EACCES, mkdir '/usr/local/lib/node_modules/forever'
37 error  { [Error: EACCES, mkdir '/usr/local/lib/node_modules/forever']
37 error   errno: 3,
37 error   code: 'EACCES',
37 error   path: '/usr/local/lib/node_modules/forever',
37 error   fstream_type: 'Directory',
37 error   fstream_path: '/usr/local/lib/node_modules/forever',
37 error   fstream_class: 'DirWriter',
37 error   fstream_stack:
37 error    [ '/usr/local/lib/node_modules/npm/node_modules/fstream/lib/dir-writer.js:36:23',
37 error      '/usr/local/lib/node_modules/npm/node_modules/mkdirp/index.js:37:53',
37 error      'Object.oncomplete (fs.js:107:15)' ] }
38 error Please try running this command again as root/Administrator.
39 error System Darwin 13.2.0
40 error command "node" "/usr/local/bin/npm" "install" "-g" "forever"
41 error cwd /Users/gregtakayama/Sites/node-for-beginners
42 error node -v v0.10.29
43 error npm -v 1.4.14
44 error path /usr/local/lib/node_modules/forever
45 error fstream_path /usr/local/lib/node_modules/forever
46 error fstream_type Directory
47 error fstream_class DirWriter
48 error code EACCES
49 error errno 3
50 error stack Error: EACCES, mkdir '/usr/local/lib/node_modules/forever'
51 error fstream_stack /usr/local/lib/node_modules/npm/node_modules/fstream/lib/dir-writer.js:36:23
51 error fstream_stack /usr/local/lib/node_modules/npm/node_modules/mkdirp/index.js:37:53
51 error fstream_stack Object.oncomplete (fs.js:107:15)
52 verbose exit [ 3, true ]
